<?xml version="1.0" encoding="UTF-8"?>
<!-- Generated by org.testng.reporters.JUnitReportReporter -->
<testsuite skipped="0" hostname="IN2086047W1" name="com.leafBot.testcases.TC004_EditLead" tests="2" failures="0" timestamp="2020-01-04T16:32:24 IST" time="82.787" errors="0">
  <testcase name="editLead" time="45.776" classname="com.leafBot.testcases.TC004_EditLead"/>
  <testcase name="editLead" time="37.011" classname="com.leafBot.testcases.TC004_EditLead"/>
</testsuite> <!-- com.leafBot.testcases.TC004_EditLead -->
